\BOOKMARK [0][-]{dummy.4}{\376\377\000A\000c\000k\000n\000o\000w\000l\000e\000d\000g\000m\000e\000n\000t\000s}{}% 1
\BOOKMARK [0][-]{dummy.6}{\376\377\000L\000i\000s\000t\000\040\000o\000f\000\040\000F\000i\000g\000u\000r\000e\000s}{}% 2
\BOOKMARK [0][-]{dummy.8}{\376\377\000L\000i\000s\000t\000\040\000o\000f\000\040\000T\000a\000b\000l\000e\000s}{}% 3
\BOOKMARK [0][-]{dummy.10}{\376\377\000A\000b\000b\000r\000e\000v\000i\000a\000t\000i\000o\000n\000s}{}% 4
\BOOKMARK [0][-]{dummy.13}{\376\377\000A\000b\000s\000t\000r\000a\000c\000t}{}% 5
\BOOKMARK [0][-]{chapter.14}{\376\377\0001\000\040\000I\000n\000t\000r\000o\000d\000u\000c\000t\000i\000o\000n}{}% 6
\BOOKMARK [1][-]{section.15}{\376\377\0001\000.\0001\000\040\000I\000n\000t\000r\000o\000d\000u\000c\000t\000i\000o\000n}{chapter.14}% 7
\BOOKMARK [2][-]{subsection.16}{\376\377\0001\000.\0001\000.\0001\000\040\000O\000v\000e\000r\000v\000i\000e\000w\000\040\000o\000f\000\040\000P\000r\000o\000j\000e\000c\000t}{section.15}% 8
\BOOKMARK [2][-]{subsection.17}{\376\377\0001\000.\0001\000.\0002\000\040\000B\000a\000c\000k\000g\000r\000o\000u\000n\000d}{section.15}% 9
\BOOKMARK [1][-]{section.18}{\376\377\0001\000.\0002\000\040\000M\000o\000t\000i\000v\000a\000t\000i\000o\000n}{chapter.14}% 10
\BOOKMARK [1][-]{section.19}{\376\377\0001\000.\0003\000\040\000O\000b\000j\000e\000c\000t\000i\000v\000e\000s\000\040\000o\000f\000\040\000t\000h\000e\000\040\000p\000r\000o\000j\000e\000c\000t}{chapter.14}% 11
\BOOKMARK [2][-]{subsection.20}{\376\377\0001\000.\0003\000.\0001\000\040\000I\000n\000d\000u\000s\000t\000r\000y\000\040\000O\000b\000j\000e\000c\000t\000i\000v\000e\000s}{section.19}% 12
\BOOKMARK [2][-]{subsection.21}{\376\377\0001\000.\0003\000.\0002\000\040\000R\000e\000s\000e\000a\000r\000c\000h\000\040\000O\000b\000j\000e\000c\000t\000i\000v\000e\000s}{section.19}% 13
\BOOKMARK [2][-]{subsection.22}{\376\377\0001\000.\0003\000.\0003\000\040\000A\000c\000a\000d\000e\000m\000i\000c\000\040\000O\000b\000j\000e\000c\000t\000i\000v\000e\000s}{section.19}% 14
\BOOKMARK [1][-]{section.23}{\376\377\0001\000.\0004\000\040\000S\000c\000o\000p\000e\000\040\000o\000f\000\040\000t\000h\000e\000\040\000p\000r\000o\000j\000e\000c\000t}{chapter.14}% 15
\BOOKMARK [1][-]{section.24}{\376\377\0001\000.\0005\000\040\000T\000a\000r\000g\000e\000t\000\040\000A\000u\000d\000i\000e\000n\000c\000e}{chapter.14}% 16
\BOOKMARK [1][-]{section.25}{\376\377\0001\000.\0006\000\040\000P\000o\000s\000s\000i\000b\000l\000e\000\040\000A\000p\000p\000l\000i\000c\000a\000t\000i\000o\000n\000s\000\040\000o\000f\000\040\000w\000o\000r\000k}{chapter.14}% 17
\BOOKMARK [0][-]{chapter.27}{\376\377\0002\000\040\000L\000i\000t\000e\000r\000a\000t\000u\000r\000e\000\040\000R\000e\000v\000i\000e\000w\000\040\000a\000n\000d\000\040\000P\000r\000o\000b\000l\000e\000m\000\040\000S\000t\000a\000t\000e\000m\000e\000n\000t}{}% 18
\BOOKMARK [1][-]{section.28}{\376\377\0002\000.\0001\000\040\000D\000e\000s\000c\000r\000i\000p\000t\000i\000o\000n\000\040\000a\000n\000d\000\040\000s\000c\000o\000p\000e\000\040\000o\000f\000\040\000t\000h\000e\000\040\000r\000e\000l\000a\000t\000e\000d\000\040\000l\000i\000t\000e\000r\000a\000t\000u\000r\000e}{chapter.27}% 19
\BOOKMARK [1][-]{section.29}{\376\377\0002\000.\0002\000\040\000G\000e\000n\000e\000r\000a\000l\000\040\000f\000i\000n\000d\000i\000n\000g\000s\000\040\000a\000n\000d\000\040\000a\000v\000a\000i\000l\000a\000b\000i\000l\000i\000t\000y\000\040\000o\000f\000\040\000t\000h\000e\000\040\000l\000i\000t\000e\000r\000a\000t\000u\000r\000e}{chapter.27}% 20
\BOOKMARK [1][-]{section.30}{\376\377\0002\000.\0003\000\040\000G\000P\000S\000\040\000O\000u\000t\000d\000o\000o\000r\000\040\000T\000e\000c\000h\000n\000o\000l\000o\000g\000y}{chapter.27}% 21
\BOOKMARK [1][-]{section.32}{\376\377\0002\000.\0004\000\040\000I\000n\000d\000o\000o\000r\000\040\000L\000o\000c\000a\000l\000i\000z\000a\000t\000i\000o\000n\000\040\000T\000e\000c\000h\000n\000i\000q\000u\000e\000s}{chapter.27}% 22
\BOOKMARK [2][-]{subsection.33}{\376\377\0002\000.\0004\000.\0001\000\040\000T\000r\000i\000a\000n\000g\000u\000l\000a\000t\000i\000o\000n}{section.32}% 23
\BOOKMARK [2][-]{subsection.35}{\376\377\0002\000.\0004\000.\0002\000\040\000T\000r\000i\000l\000a\000t\000e\000r\000a\000t\000i\000o\000n}{section.32}% 24
\BOOKMARK [2][-]{subsection.36}{\376\377\0002\000.\0004\000.\0003\000\040\000P\000r\000o\000x\000i\000m\000i\000t\000y}{section.32}% 25
\BOOKMARK [2][-]{subsection.37}{\376\377\0002\000.\0004\000.\0004\000\040\000F\000i\000n\000g\000e\000r\000p\000r\000i\000n\000t\000i\000n\000g\000\040\000t\000e\000c\000h\000n\000i\000q\000u\000e\000\040\000\050\000O\000u\000r\000\040\000S\000e\000l\000e\000c\000t\000e\000d\000\040\000A\000p\000p\000r\000o\000a\000c\000h\000\051}{section.32}% 26
\BOOKMARK [1][-]{section.39}{\376\377\0002\000.\0005\000\040\000A\000p\000p\000l\000i\000c\000a\000t\000i\000o\000n\000s\000\040\000o\000f\000\040\000G\000P\000S}{chapter.27}% 27
\BOOKMARK [1][-]{section.40}{\376\377\0002\000.\0006\000\040\000P\000r\000o\000b\000l\000e\000m\000\040\000S\000t\000a\000t\000e\000m\000e\000n\000t}{chapter.27}% 28
\BOOKMARK [0][-]{chapter.41}{\376\377\0003\000\040\000D\000a\000t\000a\000s\000e\000t}{}% 29
\BOOKMARK [1][-]{section.42}{\376\377\0003\000.\0001\000\040\000D\000a\000t\000a\000s\000e\000t\000\040\000D\000e\000s\000c\000r\000i\000p\000t\000i\000o\000n}{chapter.41}% 30
\BOOKMARK [1][-]{section.44}{\376\377\0003\000.\0002\000\040\000E\000x\000p\000e\000r\000i\000m\000e\000n\000t\000a\000l\000\040\000A\000r\000e\000a\000\040\000D\000e\000s\000c\000r\000i\000p\000t\000i\000o\000n}{chapter.41}% 31
\BOOKMARK [1][-]{section.47}{\376\377\0003\000.\0003\000\040\000C\000o\000l\000l\000e\000c\000t\000e\000d\000\040\000D\000a\000t\000a\000s\000e\000t}{chapter.41}% 32
\BOOKMARK [2][-]{subsection.49}{\376\377\0003\000.\0003\000.\0001\000\040\000P\000r\000e\000p\000a\000r\000a\000t\000i\000o\000n\000\040\000o\000f\000\040\000d\000a\000t\000a\000\040\000s\000e\000t}{section.47}% 33
\BOOKMARK [2][-]{subsection.50}{\376\377\0003\000.\0003\000.\0002\000\040\000P\000r\000e\000p\000r\000o\000c\000e\000s\000s\000i\000n\000g\000\040\000o\000f\000\040\000d\000a\000t\000a}{section.47}% 34
\BOOKMARK [2][-]{subsection.51}{\376\377\0003\000.\0003\000.\0003\000\040\000P\000e\000r\000f\000o\000r\000m\000a\000n\000c\000e\000\040\000M\000e\000a\000s\000u\000r\000e\000s\000\040\000c\000r\000i\000t\000e\000r\000i\000o\000n\000\040\000f\000o\000r\000\040\000t\000h\000e\000\040\000c\000o\000m\000p\000a\000r\000i\000s\000o\000n\000\040\000o\000f\000\040\000a\000l\000g\000o\000r\000i\000t\000h\000m\000s}{section.47}% 35
\BOOKMARK [0][-]{chapter.55}{\376\377\0004\000\040\000R\000e\000s\000e\000a\000r\000c\000h\000\040\000M\000e\000t\000h\000o\000d\000o\000l\000o\000g\000y\000\040\000a\000n\000d\000\040\000I\000m\000p\000l\000e\000m\000e\000n\000t\000a\000t\000i\000o\000n}{}% 36
\BOOKMARK [1][-]{section.56}{\376\377\0004\000.\0001\000\040\000M\000e\000t\000h\000o\000d\000o\000l\000o\000g\000y}{chapter.55}% 37
\BOOKMARK [2][-]{subsection.57}{\376\377\0004\000.\0001\000.\0001\000\040\000I\000n\000t\000r\000o\000d\000u\000c\000t\000i\000o\000n}{section.56}% 38
\BOOKMARK [2][-]{subsection.58}{\376\377\0004\000.\0001\000.\0002\000\040\000R\000e\000s\000e\000a\000r\000c\000h\000\040\000M\000e\000t\000h\000o\000d\000o\000l\000o\000g\000y}{section.56}% 39
\BOOKMARK [2][-]{subsection.59}{\376\377\0004\000.\0001\000.\0003\000\040\000P\000r\000o\000p\000o\000s\000e\000d\000\040\000W\000o\000r\000k\000\040\000t\000o\000\040\000d\000e\000v\000e\000l\000o\000p\000\040\000t\000h\000e\000\040\000A\000n\000d\000r\000o\000i\000d\000\040\000A\000p\000p\000l\000i\000c\000a\000t\000i\000o\000n}{section.56}% 40
\BOOKMARK [2][-]{subsection.60}{\376\377\0004\000.\0001\000.\0004\000\040\000R\000e\000l\000a\000t\000e\000d\000\040\000W\000o\000r\000k}{section.56}% 41
\BOOKMARK [2][-]{subsection.67}{\376\377\0004\000.\0001\000.\0005\000\040\000C\000o\000m\000p\000a\000r\000i\000s\000o\000n\000\040\000o\000f\000\040\000E\000x\000i\000s\000t\000i\000n\000g\000\040\000W\000o\000r\000k}{section.56}% 42
\BOOKMARK [2][-]{subsection.69}{\376\377\0004\000.\0001\000.\0006\000\040\000L\000i\000m\000i\000t\000a\000t\000i\000o\000n\000s\000\040\000o\000f\000\040\000E\000x\000i\000s\000t\000i\000n\000g\000\040\000S\000y\000s\000t\000e\000m}{section.56}% 43
\BOOKMARK [2][-]{subsection.70}{\376\377\0004\000.\0001\000.\0007\000\040\000S\000o\000f\000t\000w\000a\000r\000e\000\040\000A\000r\000c\000h\000i\000t\000e\000c\000t\000u\000r\000e}{section.56}% 44
\BOOKMARK [1][-]{section.72}{\376\377\0004\000.\0002\000\040\000S\000o\000f\000t\000w\000a\000r\000e\000\040\000D\000e\000v\000e\000l\000o\000p\000m\000e\000n\000t\000\040\000L\000i\000f\000e\000\040\000C\000y\000c\000l\000e\000\040\000U\000s\000e\000d}{chapter.55}% 45
\BOOKMARK [2][-]{subsection.73}{\376\377\0004\000.\0002\000.\0001\000\040\000A\000G\000I\000L\000E\000\040\000S\000D\000L\000C}{section.72}% 46
\BOOKMARK [2][-]{subsection.74}{\376\377\0004\000.\0002\000.\0002\000\040\000J\000u\000s\000t\000i\000f\000i\000c\000a\000t\000i\000o\000n\000\040\000f\000o\000r\000\040\000A\000G\000I\000L\000E\000\040\000S\000D\000L\000C}{section.72}% 47
\BOOKMARK [1][-]{section.75}{\376\377\0004\000.\0003\000\040\000R\000e\000q\000u\000i\000r\000e\000m\000e\000n\000t\000\040\000A\000n\000a\000l\000y\000s\000i\000s}{chapter.55}% 48
\BOOKMARK [2][-]{subsection.76}{\376\377\0004\000.\0003\000.\0001\000\040\000H\000a\000r\000d\000w\000a\000r\000e\000\040\000F\000u\000n\000c\000t\000i\000o\000n\000a\000l\000\040\000R\000e\000q\000u\000i\000r\000e\000m\000e\000n\000t\000s}{section.75}% 49
\BOOKMARK [2][-]{subsection.77}{\376\377\0004\000.\0003\000.\0002\000\040\000S\000o\000f\000t\000w\000a\000r\000e\000\040\000F\000u\000n\000c\000t\000i\000o\000n\000a\000l\000\040\000R\000e\000q\000u\000i\000r\000e\000m\000e\000n\000t\000s}{section.75}% 50
\BOOKMARK [3][-]{subsubsection.78}{\376\377\0004\000.\0003\000.\0002\000.\0001\000\040\000D\000a\000t\000a\000\040\000C\000a\000p\000t\000u\000r\000i\000n\000g\000\040\000A\000p\000p\000l\000i\000c\000a\000t\000i\000o\000n}{subsection.77}% 51
\BOOKMARK [3][-]{subsubsection.79}{\376\377\0004\000.\0003\000.\0002\000.\0002\000\040\000S\000m\000a\000r\000t\000G\000u\000i\000d\000e\000:\000\040\000A\000n\000d\000r\000o\000i\000d\000\040\000A\000p\000p\000l\000i\000c\000a\000t\000i\000o\000n}{subsection.77}% 52
\BOOKMARK [2][-]{subsection.80}{\376\377\0004\000.\0003\000.\0003\000\040\000N\000o\000n\000\040\000F\000u\000n\000c\000t\000i\000o\000n\000a\000l\000\040\000R\000e\000q\000u\000i\000r\000e\000m\000e\000n\000t\000s}{section.75}% 53
\BOOKMARK [2][-]{subsection.81}{\376\377\0004\000.\0003\000.\0004\000\040\000U\000s\000e\000\040\000C\000a\000s\000e\000\040\000D\000i\000a\000g\000r\000a\000m}{section.75}% 54
\BOOKMARK [2][-]{subsection.82}{\376\377\0004\000.\0003\000.\0005\000\040\000U\000s\000e\000\040\000C\000a\000s\000e\000\040\000T\000e\000x\000t\000s}{section.75}% 55
\BOOKMARK [2][-]{subsection.83}{\376\377\0004\000.\0003\000.\0006\000\040\000T\000e\000s\000t\000\040\000C\000a\000s\000e\000s}{section.75}% 56
\BOOKMARK [0][-]{chapter.84}{\376\377\0005\000\040\000R\000e\000s\000u\000l\000t\000s\000\040\000a\000n\000d\000\040\000D\000i\000s\000c\000u\000s\000s\000i\000o\000n\000s}{}% 57
\BOOKMARK [1][-]{section.85}{\376\377\0005\000.\0001\000\040\000G\000r\000a\000p\000h\000s}{chapter.84}% 58
\BOOKMARK [1][-]{section.88}{\376\377\0005\000.\0002\000\040\000C\000o\000n\000f\000u\000s\000i\000o\000n\000\040\000M\000a\000t\000r\000i\000x}{chapter.84}% 59
\BOOKMARK [0][-]{dummy.91}{\376\377\000R\000e\000f\000e\000r\000e\000n\000c\000e\000s}{}% 60
