This is pdfTeX, Version 3.14159265-2.6-1.40.20 (MiKTeX 2.9.7140 64-bit) (preloaded format=pdflatex 2019.9.15)  5 MAY 2020 08:07
entering extended mode
**./uet_thesis.tex
(uet_thesis.tex
LaTeX2e <2018-12-01>
(uet_thesis.cls
Document Class: uet_thesis 2010/22/03 v1.1 LaTeX document class
("C:\Program Files\MiKTeX 2.9\tex/latex/base\book.cls"
Document Class: book 2018/09/03 v1.4i Standard LaTeX document class
("C:\Program Files\MiKTeX 2.9\tex/latex/base\bk12.clo"
File: bk12.clo 2018/09/03 v1.4i Standard LaTeX file (size option)
)
\c@part=\count80
\c@chapter=\count81
\c@section=\count82
\c@subsection=\count83
\c@subsubsection=\count84
\c@paragraph=\count85
\c@subparagraph=\count86
\c@figure=\count87
\c@table=\count88
\abovecaptionskip=\skip41
\belowcaptionskip=\skip42
\bibindent=\dimen102
)
("C:\Program Files\MiKTeX 2.9\tex/latex/setspace\setspace.sty"
Package: setspace 2011/12/19 v6.7a set line spacing
)
("C:\Program Files\MiKTeX 2.9\tex/latex/vmargin\vmargin.sty"
Package: vmargin 2004/07/15 V2.5 set document margins (VK)

Package: vmargin 2004/07/15 V2.5 set document margins (VK)
\PaperWidth=\dimen103
\PaperHeight=\dimen104
) ("C:\Program Files\MiKTeX 2.9\tex/latex/fancyhdr\fancyhdr.sty"
Package: fancyhdr 2019/01/31 v3.10 Extensive control of page headers and footer
s
\f@nch@headwidth=\skip43
\f@nch@O@elh=\skip44
\f@nch@O@erh=\skip45
\f@nch@O@olh=\skip46
\f@nch@O@orh=\skip47
\f@nch@O@elf=\skip48
\f@nch@O@erf=\skip49
\f@nch@O@olf=\skip50
\f@nch@O@orf=\skip51
)
("C:\Program Files\MiKTeX 2.9\tex/latex/amsmath\amsmath.sty"
Package: amsmath 2018/12/01 v2.17b AMS math features
\@mathmargin=\skip52

For additional information on amsmath, use the `?' option.
("C:\Program Files\MiKTeX 2.9\tex/latex/amsmath\amstext.sty"
Package: amstext 2000/06/29 v2.01 AMS text

("C:\Program Files\MiKTeX 2.9\tex/latex/amsmath\amsgen.sty"
File: amsgen.sty 1999/11/30 v2.0 generic functions
\@emptytoks=\toks14
\ex@=\dimen105
))
("C:\Program Files\MiKTeX 2.9\tex/latex/amsmath\amsbsy.sty"
Package: amsbsy 1999/11/29 v1.2d Bold Symbols
\pmbraise@=\dimen106
)
("C:\Program Files\MiKTeX 2.9\tex/latex/amsmath\amsopn.sty"
Package: amsopn 2016/03/08 v2.02 operator names
)
\inf@bad=\count89
LaTeX Info: Redefining \frac on input line 223.
\uproot@=\count90
\leftroot@=\count91
LaTeX Info: Redefining \overline on input line 385.
\classnum@=\count92
\DOTSCASE@=\count93
LaTeX Info: Redefining \ldots on input line 482.
LaTeX Info: Redefining \dots on input line 485.
LaTeX Info: Redefining \cdots on input line 606.
\Mathstrutbox@=\box27
\strutbox@=\box28
\big@size=\dimen107
LaTeX Font Info:    Redeclaring font encoding OML on input line 729.
LaTeX Font Info:    Redeclaring font encoding OMS on input line 730.
\macc@depth=\count94
\c@MaxMatrixCols=\count95
\dotsspace@=\muskip10
\c@parentequation=\count96
\dspbrk@lvl=\count97
\tag@help=\toks15
\row@=\count98
\column@=\count99
\maxfields@=\count100
\andhelp@=\toks16
\eqnshift@=\dimen108
\alignsep@=\dimen109
\tagshift@=\dimen110
\tagwidth@=\dimen111
\totwidth@=\dimen112
\lineht@=\dimen113
\@envbody=\toks17
\multlinegap=\skip53
\multlinetaggap=\skip54
\mathdisplay@stack=\toks18
LaTeX Info: Redefining \[ on input line 2844.
LaTeX Info: Redefining \] on input line 2845.
)
("C:\Program Files\MiKTeX 2.9\tex/latex/amsfonts\amsfonts.sty"
Package: amsfonts 2013/01/14 v3.01 Basic AMSFonts support
\symAMSa=\mathgroup4
\symAMSb=\mathgroup5
LaTeX Font Info:    Overwriting math alphabet `\mathfrak' in version `bold'
(Font)                  U/euf/m/n --> U/euf/b/n on input line 106.
)
("C:\Program Files\MiKTeX 2.9\tex/latex/amsfonts\amssymb.sty"
Package: amssymb 2013/01/14 v3.01 AMS font symbols
)
("C:\Program Files\MiKTeX 2.9\tex/latex/amsmath\amscd.sty"
Package: amscd 2017/04/14 v2.1 AMS Commutative Diagrams
\athelp@=\toks19
\minaw@=\dimen114
\bigaw@=\dimen115
\minCDarrowwidth=\dimen116
)
("C:\Program Files\MiKTeX 2.9\tex/latex/amscls\amsthm.sty"
Package: amsthm 2017/10/31 v2.20.4
\thm@style=\toks20
\thm@bodyfont=\toks21
\thm@headfont=\toks22
\thm@notefont=\toks23
\thm@headpunct=\toks24
\thm@preskip=\skip55
\thm@postskip=\skip56
\thm@headsep=\skip57
\dth@everypar=\toks25
)
("C:\Program Files\MiKTeX 2.9\tex/latex/tools\xspace.sty"
Package: xspace 2014/10/28 v1.13 Space after command names (DPC,MH)
)
\c@example=\count101
\c@theorem=\count102

("C:\Program Files\MiKTeX 2.9\tex/latex/caption\caption.sty"
Package: caption 2020/01/03 v3.4h Customizing captions (AR)

("C:\Program Files\MiKTeX 2.9\tex/latex/caption\caption3.sty"
Package: caption3 2020/01/03 v1.8h caption3 kernel (AR)
Package caption3 Info: TeX engine: e-TeX on input line 61.

("C:\Program Files\MiKTeX 2.9\tex/latex/graphics\keyval.sty"
Package: keyval 2014/10/28 v1.15 key=value parser (DPC)
\KV@toks@=\toks26
)
\captionmargin=\dimen117
\captionmargin@=\dimen118
\captionwidth=\dimen119
\caption@tempdima=\dimen120
\caption@indent=\dimen121
\caption@parindent=\dimen122
\caption@hangindent=\dimen123
Package caption Info: Standard document class detected.
)
\c@caption@flags=\count103
\c@continuedfloat=\count104
)
("C:\Program Files\MiKTeX 2.9\tex/latex/graphics\graphicx.sty"
Package: graphicx 2017/06/01 v1.1a Enhanced LaTeX Graphics (DPC,SPQR)

("C:\Program Files\MiKTeX 2.9\tex/latex/graphics\graphics.sty"
Package: graphics 2017/06/25 v1.2c Standard LaTeX Graphics (DPC,SPQR)

("C:\Program Files\MiKTeX 2.9\tex/latex/graphics\trig.sty"
Package: trig 2016/01/03 v1.10 sin cos tan (DPC)
)
("C:\Program Files\MiKTeX 2.9\tex/latex/graphics-cfg\graphics.cfg"
File: graphics.cfg 2016/06/04 v1.11 sample graphics configuration
)
Package graphics Info: Driver file: pdftex.def on input line 99.

("C:\Program Files\MiKTeX 2.9\tex/latex/graphics-def\pdftex.def"
File: pdftex.def 2018/01/08 v1.0l Graphics/color driver for pdftex
))
\Gin@req@height=\dimen124
\Gin@req@width=\dimen125
)
("C:\Program Files\MiKTeX 2.9\tex/latex/subfigure\subfigure.sty"
Package: subfigure 2002/07/30 v2.1.4 subfigure package
\subfigtopskip=\skip58
\subfigcapskip=\skip59
\subfigcaptopadj=\dimen126
\subfigbottomskip=\skip60
\subfigcapmargin=\dimen127
\subfiglabelskip=\skip61
\c@subfigure=\count105
\c@lofdepth=\count106
\c@subtable=\count107
\c@lotdepth=\count108

****************************************
* Local config file subfigure.cfg used *
****************************************
("C:\Program Files\MiKTeX 2.9\tex/latex/subfigure\subfigure.cfg")
\subfig@top=\skip62
\subfig@bottom=\skip63
)
("C:\Program Files\MiKTeX 2.9\tex/latex/booktabs\booktabs.sty"
Package: booktabs 2020/01/12 v1.61803398 Publication quality tables
\heavyrulewidth=\dimen128
\lightrulewidth=\dimen129
\cmidrulewidth=\dimen130
\belowrulesep=\dimen131
\belowbottomsep=\dimen132
\aboverulesep=\dimen133
\abovetopsep=\dimen134
\cmidrulesep=\dimen135
\cmidrulekern=\dimen136
\defaultaddspace=\dimen137
\@cmidla=\count109
\@cmidlb=\count110
\@aboverulesep=\dimen138
\@belowrulesep=\dimen139
\@thisruleclass=\count111
\@lastruleclass=\count112
\@thisrulewidth=\dimen140
)
("C:\Program Files\MiKTeX 2.9\tex/latex/graphics\rotating.sty"
Package: rotating 2016/08/11 v2.16d rotated objects in LaTeX

("C:\Program Files\MiKTeX 2.9\tex/latex/base\ifthen.sty"
Package: ifthen 2014/09/29 v1.1c Standard LaTeX ifthen package (DPC)
)
\c@r@tfl@t=\count113
\rotFPtop=\skip64
\rotFPbot=\skip65
\rot@float@box=\box29
\rot@mess@toks=\toks27
)
("C:\Program Files\MiKTeX 2.9\tex/latex/listings\listings.sty"
\lst@mode=\count114
\lst@gtempboxa=\box30
\lst@token=\toks28
\lst@length=\count115
\lst@currlwidth=\dimen141
\lst@column=\count116
\lst@pos=\count117
\lst@lostspace=\dimen142
\lst@width=\dimen143
\lst@newlines=\count118
\lst@lineno=\count119
\lst@maxwidth=\dimen144

("C:\Program Files\MiKTeX 2.9\tex/latex/listings\lstmisc.sty"
File: lstmisc.sty 2019/09/10 1.8c (Carsten Heinz)
\c@lstnumber=\count120
\lst@skipnumbers=\count121
\lst@framebox=\box31
)
("C:\Program Files\MiKTeX 2.9\tex/latex/listings\listings.cfg"
File: listings.cfg 2019/09/10 1.8c listings configuration
))
Package: listings 2019/09/10 1.8c (Carsten Heinz)

("C:\Program Files\MiKTeX 2.9\tex/latex/hyperref\hyperref.sty"
Package: hyperref 2019/06/12 v6.88h Hypertext links for LaTeX

("C:\Program Files\MiKTeX 2.9\tex/generic/oberdiek\hobsub-hyperref.sty"
Package: hobsub-hyperref 2016/05/16 v1.14 Bundle oberdiek, subset hyperref (HO)


("C:\Program Files\MiKTeX 2.9\tex/generic/oberdiek\hobsub-generic.sty"
Package: hobsub-generic 2016/05/16 v1.14 Bundle oberdiek, subset generic (HO)
Package: hobsub 2016/05/16 v1.14 Construct package bundles (HO)
Package: infwarerr 2016/05/16 v1.4 Providing info/warning/error messages (HO)
Package: ltxcmds 2016/05/16 v1.23 LaTeX kernel commands for general use (HO)
Package: ifluatex 2016/05/16 v1.4 Provides the ifluatex switch (HO)
Package ifluatex Info: LuaTeX not detected.
Package: ifvtex 2016/05/16 v1.6 Detect VTeX and its facilities (HO)
Package ifvtex Info: VTeX not detected.
Package: intcalc 2016/05/16 v1.2 Expandable calculations with integers (HO)
Package: ifpdf 2018/09/07 v3.3 Provides the ifpdf switch
Package: etexcmds 2016/05/16 v1.6 Avoid name clashes with e-TeX commands (HO)
Package: kvsetkeys 2016/05/16 v1.17 Key value parser (HO)
Package: kvdefinekeys 2016/05/16 v1.4 Define keys (HO)
Package: pdftexcmds 2019/07/25 v0.30 Utility functions of pdfTeX for LuaTeX (HO
)
Package pdftexcmds Info: LuaTeX not detected.
Package pdftexcmds Info: \pdf@primitive is available.
Package pdftexcmds Info: \pdf@ifprimitive is available.
Package pdftexcmds Info: \pdfdraftmode found.
Package: pdfescape 2016/05/16 v1.14 Implements pdfTeX's escape features (HO)
Package: bigintcalc 2016/05/16 v1.4 Expandable calculations on big integers (HO
)
Package: bitset 2016/05/16 v1.2 Handle bit-vector datatype (HO)
Package: uniquecounter 2016/05/16 v1.3 Provide unlimited unique counter (HO)
)
Package hobsub Info: Skipping package `hobsub' (already loaded).
Package: letltxmacro 2016/05/16 v1.5 Let assignment for LaTeX macros (HO)
Package: hopatch 2016/05/16 v1.3 Wrapper for package hooks (HO)
Package: xcolor-patch 2016/05/16 xcolor patch
Package: atveryend 2016/05/16 v1.9 Hooks at the very end of document (HO)
Package atveryend Info: \enddocument detected (standard20110627).
Package: atbegshi 2016/06/09 v1.18 At begin shipout hook (HO)
Package: refcount 2016/05/16 v3.5 Data extraction from label references (HO)
Package: hycolor 2016/05/16 v1.8 Color options for hyperref/bookmark (HO)
)
("C:\Program Files\MiKTeX 2.9\tex/generic/ifxetex\ifxetex.sty"
Package: ifxetex 2010/09/12 v0.6 Provides ifxetex conditional
)
("C:\Program Files\MiKTeX 2.9\tex/latex/oberdiek\auxhook.sty"
Package: auxhook 2016/05/16 v1.4 Hooks for auxiliary files (HO)
)
("C:\Program Files\MiKTeX 2.9\tex/latex/oberdiek\kvoptions.sty"
Package: kvoptions 2016/05/16 v3.12 Key value format for package options (HO)
)
\@linkdim=\dimen145
\Hy@linkcounter=\count122
\Hy@pagecounter=\count123

("C:\Program Files\MiKTeX 2.9\tex/latex/hyperref\pd1enc.def"
File: pd1enc.def 2019/06/12 v6.88h Hyperref: PDFDocEncoding definition (HO)
)
\Hy@SavedSpaceFactor=\count124

("C:\Program Files\MiKTeX 2.9\tex/latex/00miktex\hyperref.cfg"
File: hyperref.cfg 2002/06/06 v1.2 hyperref configuration of TeXLive
)
Package hyperref Info: Option `bookmarks' set `true' on input line 4424.
Package hyperref Info: Option `bookmarksopen' set `true' on input line 4424.
Package hyperref Info: Option `bookmarksnumbered' set `true' on input line 4424
.
Package hyperref Info: Option `hypertexnames' set `false' on input line 4424.
Package hyperref Info: Option `colorlinks' set `true' on input line 4424.
Package hyperref Info: Option `unicode' set `true' on input line 4424.

("C:\Program Files\MiKTeX 2.9\tex/latex/hyperref\puenc.def"
File: puenc.def 2019/06/12 v6.88h Hyperref: PDF Unicode definition (HO)
)
Package hyperref Info: Option `breaklinks' set `true' on input line 4424.
Package hyperref Info: Hyper figures OFF on input line 4550.
Package hyperref Info: Link nesting OFF on input line 4555.
Package hyperref Info: Hyper index ON on input line 4558.
Package hyperref Info: Plain pages OFF on input line 4565.
Package hyperref Info: Backreferencing OFF on input line 4570.
Package hyperref Info: Implicit mode ON; LaTeX internals redefined.
Package hyperref Info: Bookmarks ON on input line 4803.
\c@Hy@tempcnt=\count125

("C:\Program Files\MiKTeX 2.9\tex/latex/url\url.sty"
\Urlmuskip=\muskip11
Package: url 2013/09/16  ver 3.4  Verb mode for urls, etc.
)
LaTeX Info: Redefining \url on input line 5156.
\XeTeXLinkMargin=\dimen146
\Fld@menulength=\count126
\Field@Width=\dimen147
\Fld@charsize=\dimen148
Package hyperref Info: Hyper figures OFF on input line 6411.
Package hyperref Info: Link nesting OFF on input line 6416.
Package hyperref Info: Hyper index ON on input line 6419.
Package hyperref Info: backreferencing OFF on input line 6426.
Package hyperref Info: Link coloring ON on input line 6429.
Package hyperref Info: Link coloring with OCG OFF on input line 6436.
Package hyperref Info: PDF/A mode OFF on input line 6441.
LaTeX Info: Redefining \ref on input line 6481.
LaTeX Info: Redefining \pageref on input line 6485.
\Hy@abspage=\count127
\c@Item=\count128
\c@Hfootnote=\count129
)
Package hyperref Info: Driver (autodetected): hpdftex.

("C:\Program Files\MiKTeX 2.9\tex/latex/hyperref\hpdftex.def"
File: hpdftex.def 2019/06/12 v6.88h Hyperref driver for pdfTeX
\Fld@listcount=\count130
\c@bookmark@seq@number=\count131

("C:\Program Files\MiKTeX 2.9\tex/latex/oberdiek\rerunfilecheck.sty"
Package: rerunfilecheck 2016/05/16 v1.8 Rerun checks for auxiliary files (HO)
Package uniquecounter Info: New unique counter `rerunfilecheck' on input line 2
82.
)
\Hy@SectionHShift=\skip66
)
\c@dummy=\count132

("C:\Program Files\MiKTeX 2.9\tex/latex/tools\longtable.sty"
Package: longtable 2014/10/28 v4.11 Multi-page Table package (DPC)+ FMi change
\LTleft=\skip67
\LTright=\skip68
\LTpre=\skip69
\LTpost=\skip70
\LTchunksize=\count133
\LTcapwidth=\dimen149
\LT@head=\box32
\LT@firsthead=\box33
\LT@foot=\box34
\LT@lastfoot=\box35
\LT@cols=\count134
\LT@rows=\count135
\c@LT@tables=\count136
\c@LT@chunks=\count137
\LT@p@ftn=\toks29
))
("C:\Program Files\MiKTeX 2.9\tex/latex/natbib\natbib.sty"
Package: natbib 2010/09/13 8.31b (PWD, AO)
\bibhang=\skip71
\bibsep=\skip72
LaTeX Info: Redefining \cite on input line 694.
\c@NAT@ctr=\count138
)
("C:\Program Files\MiKTeX 2.9\tex/latex/tools\verbatim.sty"
Package: verbatim 2014/10/28 v1.5q LaTeX2e package for verbatim enhancements
\every@verbatim=\toks30
\verbatim@line=\toks31
\verbatim@in@stream=\read1
)
Package hyperref Info: Option `colorlinks' set `true' on input line 20.

("C:\Program Files\MiKTeX 2.9\tex/latex/titlesec\titlesec.sty"
Package: titlesec 2019/10/16 v2.13 Sectioning titles
\ttl@box=\box36
\beforetitleunit=\skip73
\aftertitleunit=\skip74
\ttl@plus=\dimen150
\ttl@minus=\dimen151
\ttl@toksa=\toks32
\titlewidth=\dimen152
\titlewidthlast=\dimen153
\titlewidthfirst=\dimen154
) (uet_thesis.aux)
\openout1 = `uet_thesis.aux'.

LaTeX Font Info:    Checking defaults for OML/cmm/m/it on input line 34.
LaTeX Font Info:    ... okay on input line 34.
LaTeX Font Info:    Checking defaults for T1/cmr/m/n on input line 34.
LaTeX Font Info:    ... okay on input line 34.
LaTeX Font Info:    Checking defaults for OT1/cmr/m/n on input line 34.
LaTeX Font Info:    ... okay on input line 34.
LaTeX Font Info:    Checking defaults for OMS/cmsy/m/n on input line 34.
LaTeX Font Info:    ... okay on input line 34.
LaTeX Font Info:    Checking defaults for OMX/cmex/m/n on input line 34.
LaTeX Font Info:    ... okay on input line 34.
LaTeX Font Info:    Checking defaults for U/cmr/m/n on input line 34.
LaTeX Font Info:    ... okay on input line 34.
LaTeX Font Info:    Checking defaults for PD1/pdf/m/n on input line 34.
LaTeX Font Info:    ... okay on input line 34.
LaTeX Font Info:    Checking defaults for PU/pdf/m/n on input line 34.
LaTeX Font Info:    ... okay on input line 34.
Package caption Info: Begin \AtBeginDocument code.
Package caption Info: hyperref package is loaded.
Package caption Info: listings package is loaded.
Package caption Info: longtable package is loaded.
 ("C:\Program Files\MiKTeX 2.9\tex/latex/caption\ltcaption.sty"
Package: ltcaption 2018/08/26 v1.4a longtable captions (AR)
)
Package caption Info: rotating package is loaded.
Package caption Info: subfigure package is loaded.
Package caption Info: End \AtBeginDocument code.

("C:\Program Files\MiKTeX 2.9\tex/context/base/mkii\supp-pdf.mkii"
[Loading MPS to PDF converter (version 2006.09.02).]
\scratchcounter=\count139
\scratchdimen=\dimen155
\scratchbox=\box37
\nofMPsegments=\count140
\nofMParguments=\count141
\everyMPshowfont=\toks33
\MPscratchCnt=\count142
\MPscratchDim=\dimen156
\MPnumerator=\count143
\makeMPintoPDFobject=\count144
\everyMPtoPDFconversion=\toks34
) ("C:\Program Files\MiKTeX 2.9\tex/latex/oberdiek\epstopdf-base.sty"
Package: epstopdf-base 2016/05/15 v2.6 Base part for package epstopdf

("C:\Program Files\MiKTeX 2.9\tex/latex/oberdiek\grfext.sty"
Package: grfext 2016/05/16 v1.2 Manage graphics extensions (HO)
)
Package epstopdf-base Info: Redefining graphics rule for `.eps' on input line 4
38.
Package grfext Info: Graphics extension search list:
(grfext)             [.pdf,.png,.jpg,.mps,.jpeg,.jbig2,.jb2,.PDF,.PNG,.JPG,.JPE
G,.JBIG2,.JB2,.eps]
(grfext)             \AppendGraphicsExtensions on input line 456.
)
\c@lstlisting=\count145
\AtBeginShipoutBox=\box38

("C:\Program Files\MiKTeX 2.9\tex/latex/graphics\color.sty"
Package: color 2016/07/10 v1.1e Standard LaTeX Color (DPC)

("C:\Program Files\MiKTeX 2.9\tex/latex/graphics-cfg\color.cfg"
File: color.cfg 2016/01/02 v1.6 sample color configuration
)
Package color Info: Driver file: pdftex.def on input line 147.
)
Package hyperref Info: Link coloring ON on input line 34.

("C:\Program Files\MiKTeX 2.9\tex/latex/hyperref\nameref.sty"
Package: nameref 2016/05/21 v2.44 Cross-referencing by name of section

("C:\Program Files\MiKTeX 2.9\tex/generic/oberdiek\gettitlestring.sty"
Package: gettitlestring 2016/05/16 v1.5 Cleanup title references (HO)
)
\c@section@level=\count146
)
LaTeX Info: Redefining \ref on input line 34.
LaTeX Info: Redefining \pageref on input line 34.
LaTeX Info: Redefining \nameref on input line 34.

(uet_thesis.out) (uet_thesis.out)
\@outlinefile=\write3
\openout3 = `uet_thesis.out'.


-------------------------------------------
 Title Page
-------------------------------------------

Package hyperref Warning: Token not allowed in a PDF string (Unicode):
(hyperref)                \hskip 11.74988pt
(hyperref)                replaced by space on input line 49.


Package hyperref Warning: Token not allowed in a PDF string (Unicode):
(hyperref)                \hskip 11.74988pt
(hyperref)                replaced by space on input line 49.


Package hyperref Warning: Token not allowed in a PDF string (Unicode):
(hyperref)                \hskip 11.74988pt
(hyperref)                replaced by space on input line 49.


Package hyperref Warning: Token not allowed in a PDF string (Unicode):
(hyperref)                \hskip 11.74988pt
(hyperref)                replaced by space on input line 49.

<./Figures/uet_logo.pdf, id=243, 150.5625pt x 150.5625pt>
File: ./Figures/uet_logo.pdf Graphic file (type pdf)
<use ./Figures/uet_logo.pdf>
Package pdftex.def Info: ./Figures/uet_logo.pdf  used on input line 49.
(pdftex.def)             Requested size: 150.56212pt x 150.56212pt.
[1



{C:/Users/MLogix/AppData/Local/MiKTeX/2.9/pdftex/config/pdftex.map} <./Figures/
uet_logo.pdf>]
-------------------------------------------
 Certification
-------------------------------------------
Missing character: There is no Ô in font cmr12!
Missing character: There is no ø in font cmr12!
Missing character: There is no Ω in font cmr12!
Missing character: There is no Ô in font cmr12!
Missing character: There is no ø in font cmr12!
Missing character: There is no Ω in font cmr12!
LaTeX Font Info:    Try loading font information for U+msa on input line 64.
("C:\Program Files\MiKTeX 2.9\tex/latex/amsfonts\umsa.fd"
File: umsa.fd 2013/01/14 v3.01 AMS symbols A
)
LaTeX Font Info:    Try loading font information for U+msb on input line 64.

("C:\Program Files\MiKTeX 2.9\tex/latex/amsfonts\umsb.fd"
File: umsb.fd 2013/01/14 v3.01 AMS symbols B
)
Overfull \hbox (25.85608pt too wide) in paragraph at lines 64--64
[][] 
 []


Overfull \hbox (25.85608pt too wide) in paragraph at lines 64--64
 [][] 
 []

[1

]
-------------------------------------------
 Declaration of Authorship
-------------------------------------------
[2

]
-------------------------------------------
 Acknowledgments
-------------------------------------------
[3

]
-------------------------------------------
 Dedicatory
-------------------------------------------
[4

]
-------------------------------------------
 Table of Contents
-------------------------------------------
(uet_thesis.toc [5


])
\tf@toc=\write4
\openout4 = `uet_thesis.toc'.

 [6]
-------------------------------------------
 List of Figures
-------------------------------------------
(uet_thesis.lof)
\tf@lof=\write5
\openout5 = `uet_thesis.lof'.

 [7


]
-------------------------------------------
 List of Tables
-------------------------------------------
[8

] (uet_thesis.lot)
\tf@lot=\write6
\openout6 = `uet_thesis.lot'.

 [9

]
-------------------------------------------
 Abbreviations
-------------------------------------------
[10



] [11]
-------------------------------------------
 Abstract Page
-------------------------------------------
[12

] (Chapters/Chapter1.tex
Chapter 1.
-------------------------------------------
 1 Introduction
-------------------------------------------
[1



] [2]
LaTeX Font Info:    Try loading font information for OMS+cmr on input line 37.
 ("C:\Program Files\MiKTeX 2.9\tex/latex/base\omscmr.fd"
File: omscmr.fd 2014/09/29 v2.5h Standard LaTeX font definitions
)
LaTeX Font Info:    Font shape `OMS/cmr/m/n' in size <12> not available
(Font)              Font shape `OMS/cmsy/m/n' tried instead on input line 37.
 [3]
Missing character: There is no ‚ in font cmr12!
Missing character: There is no Ä in font cmr12!
Missing character: There is no ô in font cmr12!
 [4])
(Chapters/Chapter2.tex [5]
Chapter 2.
-------------------------------------------
 2 Literature Review and Problem Statement
-------------------------------------------
Missing character: There is no ‚ in font cmr12!
Missing character: There is no Ä in font cmr12!
Missing character: There is no ô in font cmr12!
[6

]

Package natbib Warning: Citation `GPSworks' on page 7 undefined on input line 2
0.

<./Figures/GPS.png, id=420, 407.27156pt x 300.3722pt>
File: ./Figures/GPS.png Graphic file (type png)
<use ./Figures/GPS.png>
Package pdftex.def Info: ./Figures/GPS.png  used on input line 23.
(pdftex.def)             Requested size: 244.3648pt x 180.22469pt.

LaTeX Warning: `h' float specifier changed to `ht'.

[7]
<./Figures/triangulation.png, id=426, 247.67531pt x 208.52907pt>
File: ./Figures/triangulation.png Graphic file (type png)
<use ./Figures/triangulation.png>
Package pdftex.def Info: ./Figures/triangulation.png  used on input line 33.
(pdftex.def)             Requested size: 173.37152pt x 145.96935pt.
 [8 <./Figures/GPS.png> <./Figures/triangulation.png>]
Missing character: There is no ‚ in font cmr12!
Missing character: There is no Ä in font cmr12!
Missing character: There is no ô in font cmr12!
 [9] [10]
Missing character: There is no ‚ in font cmr12!
Missing character: There is no Ä in font cmr12!
Missing character: There is no ô in font cmr12!
 [11]
<./Figures/internalbeacon.png, id=447, 164.11313pt x 149.8097pt>
File: ./Figures/internalbeacon.png Graphic file (type png)
<use ./Figures/internalbeacon.png>
Package pdftex.def Info: ./Figures/internalbeacon.png  used on input line 100.
(pdftex.def)             Requested size: 164.11272pt x 149.80931pt.
Missing character: There is no ‚ in font cmr12!
Missing character: There is no Ä in font cmr12!
Missing character: There is no ô in font cmr12!
Missing character: There is no ‚ in font cmr12!
Missing character: There is no Ä in font cmr12!
Missing character: There is no ô in font cmr12!

[12 <./Figures/internalbeacon.png>]
Missing character: There is no ‚ in font cmbx12!
Missing character: There is no Ä in font cmbx12!
Missing character: There is no ô in font cmbx12!
) (Chapters/Chapter3.tex [13]
Chapter 3.
-------------------------------------------
 3 Dataset
-------------------------------------------
Missing character: There is no ‚ in font cmr12!
Missing character: There is no Ä in font cmr12!
Missing character: There is no ô in font cmr12!
<./Figures/1.png, id=459, 355.3275pt x 182.18062pt>
File: ./Figures/1.png Graphic file (type png)
<use ./Figures/1.png>
Package pdftex.def Info: ./Figures/1.png  used on input line 11.
(pdftex.def)             Requested size: 355.32661pt x 182.18016pt.
<./Figures/2.png, id=460, 367.3725pt x 204.01219pt>
File: ./Figures/2.png Graphic file (type png)
<use ./Figures/2.png>
Package pdftex.def Info: ./Figures/2.png  used on input line 19.
(pdftex.def)             Requested size: 367.37158pt x 204.01169pt.
<./Figures/3.png, id=461, 370.38374pt x 197.98969pt>
File: ./Figures/3.png Graphic file (type png)
<use ./Figures/3.png>
Package pdftex.def Info: ./Figures/3.png  used on input line 23.
(pdftex.def)             Requested size: 370.38283pt x 197.9892pt.
[14

 <./Figures/1.png>]
<./Figures/4.png, id=468, 389.20406pt x 237.13594pt>
File: ./Figures/4.png Graphic file (type png)
<use ./Figures/4.png>
Package pdftex.def Info: ./Figures/4.png  used on input line 29.
(pdftex.def)             Requested size: 389.20311pt x 237.13535pt.

Underfull \hbox (badness 10000) in paragraph at lines 26--32

 []


Underfull \hbox (badness 10000) in paragraph at lines 26--32

 []

[15 <./Figures/2.png> <./Figures/3.png>]
Missing character: There is no ‚ in font cmr12!
Missing character: There is no Ä in font cmr12!
Missing character: There is no ô in font cmr12!
 [16 <./Figures/4.png>]
<./Figures/accuracy.png, id=483, 202.50656pt x 48.18pt>
File: ./Figures/accuracy.png Graphic file (type png)
<use ./Figures/accuracy.png>
Package pdftex.def Info: ./Figures/accuracy.png  used on input line 43.
(pdftex.def)             Requested size: 202.50604pt x 48.17986pt.
<./Figures/precision.png, id=484, 145.29282pt x 54.2025pt>
File: ./Figures/precision.png Graphic file (type png)
<use ./Figures/precision.png>
Package pdftex.def Info: ./Figures/precision.png  used on input line 50.
(pdftex.def)             Requested size: 145.29245pt x 54.20236pt.
<./Figures/recall.png, id=485, 127.97812pt x 56.46094pt>
File: ./Figures/recall.png Graphic file (type png)
<use ./Figures/recall.png>
Package pdftex.def Info: ./Figures/recall.png  used on input line 57.
(pdftex.def)             Requested size: 127.9778pt x 56.46078pt.
)
(Chapters/Chapter4.tex [17 <./Figures/accuracy.png> <./Figures/precision.png> <
./Figures/recall.png>]
Chapter 4.
-------------------------------------------
 4 Research Methodology and Implementation
-------------------------------------------
Missing character: There is no ‚ in font cmr12!
Missing character: There is no Ä in font cmr12!
Missing character: There is no ô in font cmr12!
Missing character: There is no ‚ in font cmr12!
Missing character: There is no Ä in font cmr12!
Missing character: There is no ô in font cmr12!

Underfull \hbox (badness 10000) in paragraph at lines 14--16

 []


Underfull \hbox (badness 10000) in paragraph at lines 14--16

 []

[18

]
Missing character: There is no ‚ in font cmr12!
Missing character: There is no Ä in font cmr12!
Missing character: There is no ô in font cmr12!
Missing character: There is no Ô in font cmr12!
Missing character: There is no ¨ in font cmr12!
Missing character: There is no Å in font cmr12!
 [19]
<./Figures/feature.png, id=505, 490.83376pt x 173.14688pt>
File: ./Figures/feature.png Graphic file (type png)
<use ./Figures/feature.png>
Package pdftex.def Info: ./Figures/feature.png  used on input line 36.
(pdftex.def)             Requested size: 392.66753pt x 138.51768pt.
 [20 <./Figures/feature.png>]
<./Figures/systemarchi.png, id=512, 476.53032pt x 203.25937pt>
File: ./Figures/systemarchi.png Graphic file (type png)
<use ./Figures/systemarchi.png>
Package pdftex.def Info: ./Figures/systemarchi.png  used on input line 45.
(pdftex.def)             Requested size: 381.22478pt x 162.60771pt.
<./Figures/pr1.png, id=513, 482.55281pt x 90.3375pt>
File: ./Figures/pr1.png Graphic file (type png)
<use ./Figures/pr1.png>
Package pdftex.def Info: ./Figures/pr1.png  used on input line 51.
(pdftex.def)             Requested size: 434.2935pt x 81.30298pt.

Overfull \hbox (16.82043pt too wide) in paragraph at lines 51--52
 [][] 
 []


Overfull \hbox (0.94897pt too wide) in paragraph at lines 54--55
[]\OT1/cmr/m/n/12 They also per-form this ex-per-i-ment with the room hav-ing s
en-sor plates of 8cmX8cm.
 []

<./Figures/pr2.png, id=514, 567.62062pt x 105.39375pt>
File: ./Figures/pr2.png Graphic file (type png)
<use ./Figures/pr2.png>
Package pdftex.def Info: ./Figures/pr2.png  used on input line 58.
(pdftex.def)             Requested size: 425.7144pt x 79.0451pt.

Overfull \hbox (8.24133pt too wide) in paragraph at lines 58--59
 [][] 
 []

[21 <./Figures/systemarchi.png> <./Figures/pr1.png>]
Overfull \hbox (12.69885pt too wide) in paragraph at lines 61--62
[]\OT1/cmr/m/n/12 They also per-form this ex-per-i-ment with the room hav-ing s
en-sor plates of 16cmX16cm.
 []

<./Figures/pr3.png, id=523, 476.53032pt x 87.32625pt>
File: ./Figures/pr3.png Graphic file (type png)
<use ./Figures/pr3.png>
Package pdftex.def Info: ./Figures/pr3.png  used on input line 65.
(pdftex.def)             Requested size: 428.87332pt x 78.5929pt.

Overfull \hbox (11.40025pt too wide) in paragraph at lines 65--66
 [][] 
 []

<./Figures/pr4.png, id=524, 586.44093pt x 123.46124pt>
File: ./Figures/pr4.png Graphic file (type png)
<use ./Figures/pr4.png>
Package pdftex.def Info: ./Figures/pr4.png  used on input line 72.
(pdftex.def)             Requested size: 410.50584pt x 86.42226pt.
<./Figures/comparison.png, id=525, 478.03593pt x 281.55188pt>
File: ./Figures/comparison.png Graphic file (type png)
<use ./Figures/comparison.png>
Package pdftex.def Info: ./Figures/comparison.png  used on input line 80.
(pdftex.def)             Requested size: 430.22836pt x 253.39433pt.

Overfull \hbox (12.7553pt too wide) in paragraph at lines 80--81
 [][] 
 []

[22 <./Figures/pr2.png> <./Figures/pr3.png> <./Figures/pr4.png>]
Underfull \hbox (badness 10000) in paragraph at lines 91--93

 []


Underfull \hbox (badness 10000) in paragraph at lines 91--93

 []

<./Figures/softarchi.png, id=536, 417.81094pt x 337.26pt>
File: ./Figures/softarchi.png Graphic file (type png)
<use ./Figures/softarchi.png>
Package pdftex.def Info: ./Figures/softarchi.png  used on input line 100.
(pdftex.def)             Requested size: 376.02637pt x 303.53119pt.

Underfull \hbox (badness 10000) in paragraph at lines 96--102

 []

[23 <./Figures/comparison.png>]
Missing character: There is no ‚ in font cmr12!
Missing character: There is no Ä in font cmr12!
Missing character: There is no ô in font cmr12!
Missing character: There is no ‚ in font cmr12!
Missing character: There is no Ä in font cmr12!
Missing character: There is no ô in font cmr12!
Missing character: There is no ‚ in font cmr12!
Missing character: There is no Ä in font cmr12!
Missing character: There is no ô in font cmr12!
 [24 <./Figures/softarchi.png>]
<Figures/agile.png, id=550, 429.85594pt x 280.79906pt>
File: Figures/agile.png Graphic file (type png)
<use Figures/agile.png>
Package pdftex.def Info: Figures/agile.png  used on input line 119.
(pdftex.def)             Requested size: 257.91554pt x 168.48073pt.
 [25 <./Figures/agile.png>] [26]
Missing character: There is no ‚ in font cmbx12!
Missing character: There is no Ä in font cmbx12!
Missing character: There is no ô in font cmbx12!
Missing character: There is no ‚ in font cmr12!
Missing character: There is no Ä in font cmr12!
Missing character: There is no ô in font cmr12!
 [27]
Underfull \hbox (badness 10000) in paragraph at lines 194--197

 []

[28]
Missing character: There is no ‚ in font cmr12!
Missing character: There is no Ä in font cmr12!
Missing character: There is no ô in font cmr12!
<Figures/usecase.png, id=568, 525.46312pt x 418.56375pt>
File: Figures/usecase.png Graphic file (type png)
<use Figures/usecase.png>
Package pdftex.def Info: Figures/usecase.png  used on input line 258.
(pdftex.def)             Requested size: 525.46184pt x 418.56271pt.

Overfull \hbox (107.98877pt too wide) in paragraph at lines 258--259
 [] 
 []

[29]
<Figures/uc1.png, id=573, 420.82219pt x 234.8775pt>
File: Figures/uc1.png Graphic file (type png)
<use Figures/uc1.png>
Package pdftex.def Info: Figures/uc1.png  used on input line 263.
(pdftex.def)             Requested size: 336.6582pt x 187.90225pt.
 [30 <./Figures/usecase.png>]
<Figures/uc2.png, id=580, 412.54124pt x 352.31625pt>
File: Figures/uc2.png Graphic file (type png)
<use Figures/uc2.png>
Package pdftex.def Info: Figures/uc2.png  used on input line 267.
(pdftex.def)             Requested size: 330.03345pt x 281.85338pt.
<Figures/uc3.png, id=581, 411.03563pt x 395.97937pt>
File: Figures/uc3.png Graphic file (type png)
<use Figures/uc3.png>
Package pdftex.def Info: Figures/uc3.png  used on input line 271.
(pdftex.def)             Requested size: 328.82895pt x 316.78392pt.
 [31 <./Figures/uc1.png> <./Figures/uc2.png>]
<Figures/uc4.png, id=588, 448.67625pt x 386.19281pt>
File: Figures/uc4.png Graphic file (type png)
<use Figures/uc4.png>
Package pdftex.def Info: Figures/uc4.png  used on input line 275.
(pdftex.def)             Requested size: 314.07123pt x 270.33311pt.
<Figures/uc5.png, id=589, 449.42906pt x 365.86688pt>
File: Figures/uc5.png Graphic file (type png)
<use Figures/uc5.png>
Package pdftex.def Info: Figures/uc5.png  used on input line 279.
(pdftex.def)             Requested size: 346.06143pt x 281.71837pt.

[32 <./Figures/uc3.png> <./Figures/uc4.png>]
<Figures/uc6.png, id=596, 457.71pt x 367.3725pt>
File: Figures/uc6.png Graphic file (type png)
<use Figures/uc6.png>
Package pdftex.def Info: Figures/uc6.png  used on input line 283.
(pdftex.def)             Requested size: 343.28166pt x 275.52869pt.
<Figures/uc7.png, id=597, 465.23813pt x 378.66469pt>
File: Figures/uc7.png Graphic file (type png)
<use Figures/uc7.png>
Package pdftex.def Info: Figures/uc7.png  used on input line 287.
(pdftex.def)             Requested size: 348.92773pt x 283.99782pt.
 [33 <./Figures/uc5.png> <./Figures/uc6.png>]
<Figures/tc1.png, id=604, 682.04813pt x 319.1925pt>
File: Figures/tc1.png Graphic file (type png)
<use Figures/tc1.png>
Package pdftex.def Info: Figures/tc1.png  used on input line 292.
(pdftex.def)             Requested size: 477.43044pt x 223.43321pt.

Overfull \hbox (59.95737pt too wide) in paragraph at lines 292--293
 [] 
 []

<Figures/tc2.png, id=605, 657.2053pt x 402.75468pt>
File: Figures/tc2.png Graphic file (type png)
<use Figures/tc2.png>
Package pdftex.def Info: Figures/tc2.png  used on input line 296.
(pdftex.def)             Requested size: 460.04057pt x 281.92635pt.

Overfull \hbox (42.5675pt too wide) in paragraph at lines 296--297
 [] 
 []

[34 <./Figures/uc7.png> <./Figures/tc1.png>]
<Figures/tc3.png, id=612, 657.2053pt x 40.65187pt>
File: Figures/tc3.png Graphic file (type png)
<use Figures/tc3.png>
Package pdftex.def Info: Figures/tc3.png  used on input line 300.
(pdftex.def)             Requested size: 460.04057pt x 28.4561pt.

Overfull \hbox (42.5675pt too wide) in paragraph at lines 300--301
 [] 
 []

) (Chapters/Chapter5.tex [35 <./Figures/tc2.png> <./Figures/tc3.png>]
Chapter 5.
-------------------------------------------
 5 Results and Discussions
-------------------------------------------
<Figures/dis.png, id=619, 467.49657pt x 316.18124pt>
File: Figures/dis.png Graphic file (type png)
<use Figures/dis.png>
Package pdftex.def Info: Figures/dis.png  used on input line 10.
(pdftex.def)             Requested size: 364.64586pt x 246.62038pt.
<Figures/weights.png, id=620, 354.57469pt x 214.55156pt>
File: Figures/weights.png Graphic file (type png)
<use Figures/weights.png>
Package pdftex.def Info: Figures/weights.png  used on input line 15.
(pdftex.def)             Requested size: 343.93703pt x 208.11475pt.
[36

 <./Figures/dis.png>]
<Figures/rftree.png, id=627, 366.61969pt x 244.66406pt>
File: Figures/rftree.png Graphic file (type png)
<use Figures/rftree.png>
Package pdftex.def Info: Figures/rftree.png  used on input line 23.
(pdftex.def)             Requested size: 329.95467pt x 220.1956pt.
<Figures/rfrs.png, id=628, 378.66469pt x 249.18094pt>
File: Figures/rfrs.png Graphic file (type png)
<use Figures/rfrs.png>
Package pdftex.def Info: Figures/rfrs.png  used on input line 28.
(pdftex.def)             Requested size: 340.79506pt x 224.26076pt.
 [37 <./Figures/weights.png> <./Figures/rftree.png>]
<Figures/rffeature.png, id=635, 373.395pt x 214.55156pt>
File: Figures/rffeature.png Graphic file (type png)
<use Figures/rffeature.png>
Package pdftex.def Info: Figures/rffeature.png  used on input line 32.
(pdftex.def)             Requested size: 317.38725pt x 182.36967pt.
<Figures/optalgos.png, id=636, 323.70938pt x 201.00093pt>
File: Figures/optalgos.png Graphic file (type png)
<use Figures/optalgos.png>
Package pdftex.def Info: Figures/optalgos.png  used on input line 38.
(pdftex.def)             Requested size: 323.70859pt x 201.00043pt.

[38 <./Figures/rfrs.png> <./Figures/rffeature.png>]
Missing character: There is no ‚ in font cmr12!
Missing character: There is no Ä in font cmr12!
Missing character: There is no ò in font cmr12!
Missing character: There is no ‚ in font cmr12!
Missing character: There is no Ä in font cmr12!
Missing character: There is no ô in font cmr12!
Missing character: There is no ‚ in font cmr12!
Missing character: There is no Ä in font cmr12!
Missing character: There is no ò in font cmr12!
Missing character: There is no ‚ in font cmr12!
Missing character: There is no Ä in font cmr12!
Missing character: There is no ô in font cmr12!
Missing character: There is no ‚ in font cmr12!
Missing character: There is no Ä in font cmr12!
Missing character: There is no ò in font cmr12!
Missing character: There is no ‚ in font cmr12!
Missing character: There is no Ä in font cmr12!
Missing character: There is no ô in font cmr12!
Missing character: There is no ‚ in font cmr12!
Missing character: There is no Ä in font cmr12!
Missing character: There is no ò in font cmr12!
Missing character: There is no ‚ in font cmr12!
Missing character: There is no Ä in font cmr12!
Missing character: There is no ô in font cmr12!
Missing character: There is no ‚ in font cmr12!
Missing character: There is no Ä in font cmr12!
Missing character: There is no ò in font cmr12!
Missing character: There is no ‚ in font cmr12!
Missing character: There is no Ä in font cmr12!
Missing character: There is no ô in font cmr12!
 [39 <./Figures/optalgos.png>]
<./Figures/knncmgraph.png, id=648, 438.13687pt x 264.23718pt>
File: ./Figures/knncmgraph.png Graphic file (type png)
<use ./Figures/knncmgraph.png>
Package pdftex.def Info: ./Figures/knncmgraph.png  used on input line 58.
(pdftex.def)             Requested size: 372.41809pt x 224.60265pt.
<./Figures/cmgraph.png, id=649, 395.97937pt x 231.11343pt>
File: ./Figures/cmgraph.png Graphic file (type png)
<use ./Figures/cmgraph.png>
Package pdftex.def Info: ./Figures/cmgraph.png  used on input line 66.
(pdftex.def)             Requested size: 356.37814pt x 208.00017pt.
 [40 <./Figures/knncmgraph.png> <./Figures/cmgraph.png>]
Missing character: There is no ‚ in font cmr12!
Missing character: There is no Ä in font cmr12!
Missing character: There is no ò in font cmr12!
Missing character: There is no ‚ in font cmr12!
Missing character: There is no Ä in font cmr12!
Missing character: There is no ô in font cmr12!
Missing character: There is no ‚ in font cmr12!
Missing character: There is no Ä in font cmr12!
Missing character: There is no ò in font cmr12!
Missing character: There is no ‚ in font cmr12!
Missing character: There is no Ä in font cmr12!
Missing character: There is no ô in font cmr12!
Missing character: There is no ‚ in font cmr12!
Missing character: There is no Ä in font cmr12!
Missing character: There is no ò in font cmr12!
Missing character: There is no ‚ in font cmr12!
Missing character: There is no Ä in font cmr12!
Missing character: There is no ô in font cmr12!
<./Figures/cm.png, id=658, 417.05812pt x 410.2828pt>
File: ./Figures/cm.png Graphic file (type png)
<use ./Figures/cm.png>
Package pdftex.def Info: ./Figures/cm.png  used on input line 77.
(pdftex.def)             Requested size: 291.93869pt x 287.196pt.

Underfull \hbox (badness 10000) in paragraph at lines 72--80

 []

Missing character: There is no ‚ in font cmr12!
Missing character: There is no Ä in font cmr12!
Missing character: There is no ò in font cmr12!
Missing character: There is no ‚ in font cmr12!
Missing character: There is no Ä in font cmr12!
Missing character: There is no ô in font cmr12!
Missing character: There is no ‚ in font cmr12!
Missing character: There is no Ä in font cmr12!
Missing character: There is no ò in font cmr12!
Missing character: There is no ‚ in font cmr12!
Missing character: There is no Ä in font cmr12!
Missing character: There is no ô in font cmr12!
<./Figures/cmann.png, id=659, 452.4403pt x 423.08063pt>
File: ./Figures/cmann.png Graphic file (type png)
<use ./Figures/cmann.png>
Package pdftex.def Info: ./Figures/cmann.png  used on input line 88.
(pdftex.def)             Requested size: 316.70605pt x 296.15442pt.

Underfull \hbox (badness 10000) in paragraph at lines 82--91

 []


LaTeX Warning: `h' float specifier changed to `ht'.

) [41 <./Figures/cm.png>] [42 <./Figures/cmann.png>]
-------------------------------------------
 References
-------------------------------------------
(uet_thesis.bbl
Underfull \hbox (badness 4303) in paragraph at lines 9--13
[]\OT1/cmr/m/n/12 Galileo eu-ro-pean global nav-i-ga-tion satel-lite sys-tem  [
On-line] Avail-
 []


Underfull \hbox (badness 10000) in paragraph at lines 9--13
\OT1/cmr/m/n/12 able at:.  [][]$\OT1/cmtt/m/n/12 https : / / www . gsa . europa
 . eu / european-[]gnss / galileo /
 []


Underfull \hbox (badness 10000) in paragraph at lines 15--19
[]\OT1/cmr/m/n/12 Global po-si-tion-ing sys-tem  [On-line] Avail-
 []


Underfull \hbox (badness 10000) in paragraph at lines 15--19
\OT1/cmr/m/n/12 able at:.  [][]$\OT1/cmtt/m/n/12 https : / / www . intechopen .
 com / books /
 []

)

Package natbib Warning: There were undefined citations.

Package atveryend Info: Empty hook `BeforeClearDocument' on input line 222.
[43


]
Package atveryend Info: Empty hook `AfterLastShipout' on input line 222.
 (uet_thesis.aux)
Package atveryend Info: Executing hook `AtVeryEndDocument' on input line 222.
Package atveryend Info: Executing hook `AtEndAfterFileList' on input line 222.
Package rerunfilecheck Info: File `uet_thesis.out' has not changed.
(rerunfilecheck)             Checksum: F0751B1AE2E897D4271F76077B29BDA5;11744.
Package atveryend Info: Empty hook `AtVeryVeryEnd' on input line 222.
 ) 
Here is how much of TeX's memory you used:
 13475 strings out of 492895
 191514 string characters out of 3133476
 270588 words of memory out of 3000000
 17034 multiletter control sequences out of 15000+200000
 11277 words of font info for 42 fonts, out of 3000000 for 9000
 1141 hyphenation exceptions out of 8191
 46i,12n,45p,1409b,458s stack positions out of 5000i,500n,10000p,200000b,50000s
<C:/Program Files/MiKTeX 2.9/fonts/type1/public/amsfonts/cm/cmbx12.pfb><C:/Pr
ogram Files/MiKTeX 2.9/fonts/type1/public/amsfonts/cm/cmr12.pfb><C:/Program Fil
es/MiKTeX 2.9/fonts/type1/public/amsfonts/cm/cmr17.pfb><C:/Program Files/MiKTeX
 2.9/fonts/type1/public/amsfonts/cm/cmsl12.pfb><C:/Program Files/MiKTeX 2.9/fon
ts/type1/public/amsfonts/cm/cmsy10.pfb><C:/Program Files/MiKTeX 2.9/fonts/type1
/public/amsfonts/cm/cmti12.pfb><C:/Program Files/MiKTeX 2.9/fonts/type1/public/
amsfonts/cm/cmtt12.pfb>
Output written on uet_thesis.pdf (56 pages, 1924032 bytes).
PDF statistics:
 746 PDF objects out of 1000 (max. 8388607)
 156 named destinations out of 1000 (max. 500000)
 686 words of extra memory for PDF output out of 10000 (max. 10000000)

