This is pdfTeX, Version 3.14159265-2.6-1.40.20 (MiKTeX 2.9.7140 64-bit) (preloaded format=pdflatex 2019.9.15)  21 NOV 2019 00:08
entering extended mode
**./srs.tex
(srs.tex
LaTeX2e <2018-12-01>
("C:\Program Files\MiKTeX 2.9\tex/latex/base\article.cls"
Document Class: article 2018/09/03 v1.4i Standard LaTeX document class
("C:\Program Files\MiKTeX 2.9\tex/latex/base\size10.clo"
File: size10.clo 2018/09/03 v1.4i Standard LaTeX file (size option)
)
\c@part=\count80
\c@section=\count81
\c@subsection=\count82
\c@subsubsection=\count83
\c@paragraph=\count84
\c@subparagraph=\count85
\c@figure=\count86
\c@table=\count87
\abovecaptionskip=\skip41
\belowcaptionskip=\skip42
\bibindent=\dimen102
)
("C:\Program Files\MiKTeX 2.9\tex/latex/psnfss\times.sty"
Package: times 2005/04/12 PSNFSS-v9.2a (SPQR) 
)
("C:\Program Files\MiKTeX 2.9\tex/latex/cite\cite.sty"
LaTeX Info: Redefining \cite on input line 302.
LaTeX Info: Redefining \nocite on input line 332.
Package: cite 2015/02/27  v 5.5
)
("C:\Program Files\MiKTeX 2.9\tex/latex/geometry\geometry.sty"
Package: geometry 2018/04/16 v5.8 Page Geometry

("C:\Program Files\MiKTeX 2.9\tex/latex/graphics\keyval.sty"
Package: keyval 2014/10/28 v1.15 key=value parser (DPC)
\KV@toks@=\toks14
)
("C:\Program Files\MiKTeX 2.9\tex/generic/oberdiek\ifpdf.sty"
Package: ifpdf 2018/09/07 v3.3 Provides the ifpdf switch
)
("C:\Program Files\MiKTeX 2.9\tex/generic/oberdiek\ifvtex.sty"
Package: ifvtex 2016/05/16 v1.6 Detect VTeX and its facilities (HO)
Package ifvtex Info: VTeX not detected.
)
("C:\Program Files\MiKTeX 2.9\tex/generic/ifxetex\ifxetex.sty"
Package: ifxetex 2010/09/12 v0.6 Provides ifxetex conditional
)
\Gm@cnth=\count88
\Gm@cntv=\count89
\c@Gm@tempcnt=\count90
\Gm@bindingoffset=\dimen103
\Gm@wd@mp=\dimen104
\Gm@odd@mp=\dimen105
\Gm@even@mp=\dimen106
\Gm@layoutwidth=\dimen107
\Gm@layoutheight=\dimen108
\Gm@layouthoffset=\dimen109
\Gm@layoutvoffset=\dimen110
\Gm@dimlist=\toks15

("C:\Program Files\MiKTeX 2.9\tex/latex/geometry\geometry.cfg"))
("C:\Program Files\MiKTeX 2.9\tex/latex/amsfonts\amsfonts.sty"
Package: amsfonts 2013/01/14 v3.01 Basic AMSFonts support
\@emptytoks=\toks16
\symAMSa=\mathgroup4
\symAMSb=\mathgroup5
LaTeX Font Info:    Overwriting math alphabet `\mathfrak' in version `bold'
(Font)                  U/euf/m/n --> U/euf/b/n on input line 106.
)
("C:\Program Files\MiKTeX 2.9\tex/latex/amsmath\amsmath.sty"
Package: amsmath 2018/12/01 v2.17b AMS math features
\@mathmargin=\skip43

For additional information on amsmath, use the `?' option.
("C:\Program Files\MiKTeX 2.9\tex/latex/amsmath\amstext.sty"
Package: amstext 2000/06/29 v2.01 AMS text

("C:\Program Files\MiKTeX 2.9\tex/latex/amsmath\amsgen.sty"
File: amsgen.sty 1999/11/30 v2.0 generic functions
\@emptytoks=\toks17
\ex@=\dimen111
))
("C:\Program Files\MiKTeX 2.9\tex/latex/amsmath\amsbsy.sty"
Package: amsbsy 1999/11/29 v1.2d Bold Symbols
\pmbraise@=\dimen112
)
("C:\Program Files\MiKTeX 2.9\tex/latex/amsmath\amsopn.sty"
Package: amsopn 2016/03/08 v2.02 operator names
)
\inf@bad=\count91
LaTeX Info: Redefining \frac on input line 223.
\uproot@=\count92
\leftroot@=\count93
LaTeX Info: Redefining \overline on input line 385.
\classnum@=\count94
\DOTSCASE@=\count95
LaTeX Info: Redefining \ldots on input line 482.
LaTeX Info: Redefining \dots on input line 485.
LaTeX Info: Redefining \cdots on input line 606.
\Mathstrutbox@=\box27
\strutbox@=\box28
\big@size=\dimen113
LaTeX Font Info:    Redeclaring font encoding OML on input line 729.
LaTeX Font Info:    Redeclaring font encoding OMS on input line 730.
\macc@depth=\count96
\c@MaxMatrixCols=\count97
\dotsspace@=\muskip10
\c@parentequation=\count98
\dspbrk@lvl=\count99
\tag@help=\toks18
\row@=\count100
\column@=\count101
\maxfields@=\count102
\andhelp@=\toks19
\eqnshift@=\dimen114
\alignsep@=\dimen115
\tagshift@=\dimen116
\tagwidth@=\dimen117
\totwidth@=\dimen118
\lineht@=\dimen119
\@envbody=\toks20
\multlinegap=\skip44
\multlinetaggap=\skip45
\mathdisplay@stack=\toks21
LaTeX Info: Redefining \[ on input line 2844.
LaTeX Info: Redefining \] on input line 2845.
)
("C:\Program Files\MiKTeX 2.9\tex/latex/amsfonts\amssymb.sty"
Package: amssymb 2013/01/14 v3.01 AMS font symbols
)
("C:\Program Files\MiKTeX 2.9\tex/latex/hyphenat\hyphenat.sty"
Package: hyphenat 2009/09/02 v2.3c hyphenation utilities
\langwohyphens=\language82
LaTeX Info: Redefining \_ on input line 43.
)
("C:\Program Files\MiKTeX 2.9\tex/latex/fancyhdr\fancyhdr.sty"
Package: fancyhdr 2019/01/31 v3.10 Extensive control of page headers and footer
s
\f@nch@headwidth=\skip46
\f@nch@O@elh=\skip47
\f@nch@O@erh=\skip48
\f@nch@O@olh=\skip49
\f@nch@O@orh=\skip50
\f@nch@O@elf=\skip51
\f@nch@O@erf=\skip52
\f@nch@O@olf=\skip53
\f@nch@O@orf=\skip54
)
("C:\Program Files\MiKTeX 2.9\tex/latex/listings\listings.sty"
\lst@mode=\count103
\lst@gtempboxa=\box29
\lst@token=\toks22
\lst@length=\count104
\lst@currlwidth=\dimen120
\lst@column=\count105
\lst@pos=\count106
\lst@lostspace=\dimen121
\lst@width=\dimen122
\lst@newlines=\count107
\lst@lineno=\count108
\lst@maxwidth=\dimen123

("C:\Program Files\MiKTeX 2.9\tex/latex/listings\lstmisc.sty"
File: lstmisc.sty 2019/09/10 1.8c (Carsten Heinz)
\c@lstnumber=\count109
\lst@skipnumbers=\count110
\lst@framebox=\box30
)
("C:\Program Files\MiKTeX 2.9\tex/latex/listings\listings.cfg"
File: listings.cfg 2019/09/10 1.8c listings configuration
))
Package: listings 2019/09/10 1.8c (Carsten Heinz)

("C:\Program Files\MiKTeX 2.9\tex/latex/tocbibind\tocbibind.sty"
Package: tocbibind 2010/10/13 v1.5k extra ToC listings
Package tocbibind Info: The document has section divisions on input line 50.


Package tocbibind Note: Using section or other style headings.

) ("C:\Program Files\MiKTeX 2.9\tex/latex/graphics\graphicx.sty"
Package: graphicx 2017/06/01 v1.1a Enhanced LaTeX Graphics (DPC,SPQR)

("C:\Program Files\MiKTeX 2.9\tex/latex/graphics\graphics.sty"
Package: graphics 2017/06/25 v1.2c Standard LaTeX Graphics (DPC,SPQR)

("C:\Program Files\MiKTeX 2.9\tex/latex/graphics\trig.sty"
Package: trig 2016/01/03 v1.10 sin cos tan (DPC)
)
("C:\Program Files\MiKTeX 2.9\tex/latex/graphics-cfg\graphics.cfg"
File: graphics.cfg 2016/06/04 v1.11 sample graphics configuration
)
Package graphics Info: Driver file: pdftex.def on input line 99.

("C:\Program Files\MiKTeX 2.9\tex/latex/graphics-def\pdftex.def"
File: pdftex.def 2018/01/08 v1.0l Graphics/color driver for pdftex
))
\Gin@req@height=\dimen124
\Gin@req@width=\dimen125
)
("C:\Program Files\MiKTeX 2.9\tex/latex/url\url.sty"
\Urlmuskip=\muskip11
Package: url 2013/09/16  ver 3.4  Verb mode for urls, etc.
)
("C:\Program Files\MiKTeX 2.9\tex/latex/base\inputenc.sty"
Package: inputenc 2018/08/11 v1.3c Input encoding file
\inpenc@prehook=\toks23
\inpenc@posthook=\toks24
)
\c@theorem=\count111
 (srs.aux)
\openout1 = `srs.aux'.

LaTeX Font Info:    Checking defaults for OML/cmm/m/it on input line 30.
LaTeX Font Info:    ... okay on input line 30.
LaTeX Font Info:    Checking defaults for T1/cmr/m/n on input line 30.
LaTeX Font Info:    ... okay on input line 30.
LaTeX Font Info:    Checking defaults for OT1/cmr/m/n on input line 30.
LaTeX Font Info:    ... okay on input line 30.
LaTeX Font Info:    Checking defaults for OMS/cmsy/m/n on input line 30.
LaTeX Font Info:    ... okay on input line 30.
LaTeX Font Info:    Checking defaults for OMX/cmex/m/n on input line 30.
LaTeX Font Info:    ... okay on input line 30.
LaTeX Font Info:    Checking defaults for U/cmr/m/n on input line 30.
LaTeX Font Info:    ... okay on input line 30.
LaTeX Font Info:    Try loading font information for OT1+ptm on input line 30.

("C:\Program Files\MiKTeX 2.9\tex/latex/psnfss\ot1ptm.fd"
File: ot1ptm.fd 2001/06/04 font definitions for OT1/ptm.
)
*geometry* driver: auto-detecting
*geometry* detected driver: pdftex
*geometry* verbose mode - [ preamble ] result:
* driver: pdftex
* paper: <default>
* layout: <same size as paper>
* layoutoffset:(h,v)=(0.0pt,0.0pt)
* modes: 
* h-part:(L,W,R)=(72.26999pt, 469.75502pt, 72.26999pt)
* v-part:(T,H,B)=(72.26999pt, 650.43001pt, 72.26999pt)
* \paperwidth=614.295pt
* \paperheight=794.96999pt
* \textwidth=469.75502pt
* \textheight=650.43001pt
* \oddsidemargin=0.0pt
* \evensidemargin=0.0pt
* \topmargin=-37.0pt
* \headheight=12.0pt
* \headsep=25.0pt
* \topskip=10.0pt
* \footskip=30.0pt
* \marginparwidth=65.0pt
* \marginparsep=11.0pt
* \columnsep=10.0pt
* \skip\footins=9.0pt plus 4.0pt minus 2.0pt
* \hoffset=0.0pt
* \voffset=0.0pt
* \mag=1000
* \@twocolumnfalse
* \@twosidefalse
* \@mparswitchfalse
* \@reversemarginfalse
* (1in=72.27pt=25.4mm, 1cm=28.453pt)

\c@lstlisting=\count112
("C:\Program Files\MiKTeX 2.9\tex/context/base/mkii\supp-pdf.mkii"
[Loading MPS to PDF converter (version 2006.09.02).]
\scratchcounter=\count113
\scratchdimen=\dimen126
\scratchbox=\box31
\nofMPsegments=\count114
\nofMParguments=\count115
\everyMPshowfont=\toks25
\MPscratchCnt=\count116
\MPscratchDim=\dimen127
\MPnumerator=\count117
\makeMPintoPDFobject=\count118
\everyMPtoPDFconversion=\toks26
) ("C:\Program Files\MiKTeX 2.9\tex/latex/oberdiek\epstopdf-base.sty"
Package: epstopdf-base 2016/05/15 v2.6 Base part for package epstopdf

("C:\Program Files\MiKTeX 2.9\tex/generic/oberdiek\infwarerr.sty"
Package: infwarerr 2016/05/16 v1.4 Providing info/warning/error messages (HO)
)
("C:\Program Files\MiKTeX 2.9\tex/latex/oberdiek\grfext.sty"
Package: grfext 2016/05/16 v1.2 Manage graphics extensions (HO)

("C:\Program Files\MiKTeX 2.9\tex/generic/oberdiek\kvdefinekeys.sty"
Package: kvdefinekeys 2016/05/16 v1.4 Define keys (HO)

("C:\Program Files\MiKTeX 2.9\tex/generic/oberdiek\ltxcmds.sty"
Package: ltxcmds 2016/05/16 v1.23 LaTeX kernel commands for general use (HO)
)))
("C:\Program Files\MiKTeX 2.9\tex/latex/oberdiek\kvoptions.sty"
Package: kvoptions 2016/05/16 v3.12 Key value format for package options (HO)

("C:\Program Files\MiKTeX 2.9\tex/generic/oberdiek\kvsetkeys.sty"
Package: kvsetkeys 2016/05/16 v1.17 Key value parser (HO)

("C:\Program Files\MiKTeX 2.9\tex/generic/oberdiek\etexcmds.sty"
Package: etexcmds 2016/05/16 v1.6 Avoid name clashes with e-TeX commands (HO)

("C:\Program Files\MiKTeX 2.9\tex/generic/oberdiek\ifluatex.sty"
Package: ifluatex 2016/05/16 v1.4 Provides the ifluatex switch (HO)
Package ifluatex Info: LuaTeX not detected.
))))
("C:\Program Files\MiKTeX 2.9\tex/generic/oberdiek\pdftexcmds.sty"
Package: pdftexcmds 2019/07/25 v0.30 Utility functions of pdfTeX for LuaTeX (HO
)
Package pdftexcmds Info: LuaTeX not detected.
Package pdftexcmds Info: \pdf@primitive is available.
Package pdftexcmds Info: \pdf@ifprimitive is available.
Package pdftexcmds Info: \pdfdraftmode found.
)
Package epstopdf-base Info: Redefining graphics rule for `.eps' on input line 4
38.
Package grfext Info: Graphics extension search list:
(grfext)             [.pdf,.png,.jpg,.mps,.jpeg,.jbig2,.jb2,.PDF,.PNG,.JPG,.JPE
G,.JBIG2,.JB2,.eps]
(grfext)             \AppendGraphicsExtensions on input line 456.
)
<logo.png, id=1, 224.84pt x 225.84375pt>
File: logo.png Graphic file (type png)
<use logo.png>
Package pdftex.def Info: logo.png  used on input line 36.
(pdftex.def)             Requested size: 112.41972pt x 112.92159pt.
LaTeX Font Info:    Font shape `OT1/ptm/bx/n' in size <14.4> not available
(Font)              Font shape `OT1/ptm/b/n' tried instead on input line 38.
LaTeX Font Info:    Font shape `OT1/ptm/bx/n' in size <20.74> not available
(Font)              Font shape `OT1/ptm/b/n' tried instead on input line 42.
LaTeX Font Info:    Font shape `OT1/ptm/bx/n' in size <12> not available
(Font)              Font shape `OT1/ptm/b/n' tried instead on input line 53.
 [1

{C:/Users/MLogix/AppData/Local/MiKTeX/2.9/pdftex/config/pdftex.map} <./logo.png
>]
(srs.toc
LaTeX Font Info:    Font shape `OT1/ptm/bx/n' in size <10> not available
(Font)              Font shape `OT1/ptm/b/n' tried instead on input line 1.
LaTeX Font Info:    Try loading font information for U+msa on input line 2.
 ("C:\Program Files\MiKTeX 2.9\tex/latex/amsfonts\umsa.fd"
File: umsa.fd 2013/01/14 v3.01 AMS symbols A
)
LaTeX Font Info:    Try loading font information for U+msb on input line 2.

("C:\Program Files\MiKTeX 2.9\tex/latex/amsfonts\umsb.fd"
File: umsb.fd 2013/01/14 v3.01 AMS symbols B
) [1])
\tf@toc=\write3
\openout3 = `srs.toc'.

 [2]
Underfull \hbox (badness 10000) in paragraph at lines 72--75

 []

[1

]
LaTeX Font Info:    Try loading font information for OMS+ptm on input line 93.
 ("C:\Program Files\MiKTeX 2.9\tex/latex/psnfss\omsptm.fd"
File: omsptm.fd 
)
LaTeX Font Info:    Font shape `OMS/ptm/m/n' in size <10> not available
(Font)              Font shape `OMS/cmsy/m/n' tried instead on input line 93.
 [2]
<userch.png, id=23, 481.04718pt x 243.91125pt>
File: userch.png Graphic file (type png)
<use userch.png>
Package pdftex.def Info: userch.png  used on input line 112.
(pdftex.def)             Requested size: 384.83827pt x 195.12926pt.
 [3 <./userch.png>]
<abc.png, id=29, 560.8453pt x 248.42813pt>
File: abc.png Graphic file (type png)
<use abc.png>
Package pdftex.def Info: abc.png  used on input line 142.
(pdftex.def)             Requested size: 448.67685pt x 198.74277pt.
 [4] [5 <./abc.png>]
<agile.png, id=37, 429.85594pt x 280.79906pt>
File: agile.png Graphic file (type png)
<use agile.png>
Package pdftex.def Info: agile.png  used on input line 164.
(pdftex.def)             Requested size: 257.91554pt x 168.48073pt.
 [6 <./agile.png>] [7] [8] [9]
Underfull \hbox (badness 10000) in paragraph at lines 222--224

 []


Underfull \hbox (badness 10000) in paragraph at lines 228--230

 []

[10] [11]
Underfull \hbox (badness 10000) in paragraph at lines 260--265

 []

<beacon1.jpg, id=58, 501.875pt x 501.875pt>
File: beacon1.jpg Graphic file (type jpg)
<use beacon1.jpg>
Package pdftex.def Info: beacon1.jpg  used on input line 268.
(pdftex.def)             Requested size: 175.65887pt x 175.65887pt.
[12 <./beacon1.jpg>]
<hi.jpg, id=62, 797.98125pt x 1284.8pt>
File: hi.jpg Graphic file (type jpg)
<use hi.jpg>
Package pdftex.def Info: hi.jpg  used on input line 276.
(pdftex.def)             Requested size: 199.49481pt x 321.19922pt.
<ci.jpeg, id=63, 903.375pt x 558.085pt>
File: ci.jpeg Graphic file (type jpg)
<use ci.jpeg>
Package pdftex.def Info: ci.jpeg  used on input line 284.
(pdftex.def)             Requested size: 271.01459pt x 167.42679pt.
 [13 <./hi.jpg> <./ci.jpeg>]
<f1.jpg, id=67, 480.79625pt x 792.9625pt>
File: f1.jpg Graphic file (type jpg)
<use f1.jpg>
Package pdftex.def Info: f1.jpg  used on input line 293.
(pdftex.def)             Requested size: 144.23997pt x 237.89058pt.
<f2.jpg, id=68, 721.69624pt x 1140.26pt>
File: f2.jpg Graphic file (type jpg)
<use f2.jpg>
Package pdftex.def Info: f2.jpg  used on input line 299.
(pdftex.def)             Requested size: 144.33669pt x 228.04796pt.
 [14 <./f1.jpg> <./f2.jpg>]
<f3.jpg, id=72, 480.79625pt x 810.02625pt>
File: f3.jpg Graphic file (type jpg)
<use f3.jpg>
Package pdftex.def Info: f3.jpg  used on input line 304.
(pdftex.def)             Requested size: 144.23997pt x 243.00975pt.
<f4.jpg, id=73, 480.79625pt x 814.04124pt>
File: f4.jpg Graphic file (type jpg)
<use f4.jpg>
Package pdftex.def Info: f4.jpg  used on input line 309.
(pdftex.def)             Requested size: 168.2812pt x 284.9187pt.

[15 <./f3.jpg> <./f4.jpg>]
<f5.jpg, id=77, 481.8pt x 806.01125pt>
File: f5.jpg Graphic file (type jpg)
<use f5.jpg>
Package pdftex.def Info: f5.jpg  used on input line 314.
(pdftex.def)             Requested size: 154.17914pt x 257.92886pt.
<f6.jpg, id=78, 481.8pt x 813.0375pt>
File: f6.jpg Graphic file (type jpg)
<use f6.jpg>
Package pdftex.def Info: f6.jpg  used on input line 319.
(pdftex.def)             Requested size: 154.17914pt x 260.1773pt.
 [16 <./f5.jpg> <./f6.jpg>]
<f7.jpg, id=83, 480.79625pt x 813.0375pt>
File: f7.jpg Graphic file (type jpg)
<use f7.jpg>
Package pdftex.def Info: f7.jpg  used on input line 324.
(pdftex.def)             Requested size: 144.23997pt x 243.91313pt.
<f8.jpg, id=84, 721.69624pt x 1252.68pt>
File: f8.jpg Graphic file (type jpg)
<use f8.jpg>
Package pdftex.def Info: f8.jpg  used on input line 329.
(pdftex.def)             Requested size: 144.33669pt x 250.53156pt.
 [17 <./f7.jpg> <./f8.jpg>]
<f9.jpg, id=88, 721.69624pt x 1162.3425pt>
File: f9.jpg Graphic file (type jpg)
<use f9.jpg>
Package pdftex.def Info: f9.jpg  used on input line 334.
(pdftex.def)             Requested size: 144.33669pt x 232.46439pt.
<f10.jpg, id=89, 721.69624pt x 1334.9875pt>
File: f10.jpg Graphic file (type jpg)
<use f10.jpg>
Package pdftex.def Info: f10.jpg  used on input line 339.
(pdftex.def)             Requested size: 144.33669pt x 266.99277pt.
 [18 <./f9.jpg> <./f10.jpg>]
<f11.jpg, id=93, 721.69624pt x 1100.11pt>
File: f11.jpg Graphic file (type jpg)
<use f11.jpg>
Package pdftex.def Info: f11.jpg  used on input line 344.
(pdftex.def)             Requested size: 144.33669pt x 220.0181pt.
<usecase.png, id=94, 525.46312pt x 418.56375pt>
File: usecase.png Graphic file (type png)
<use usecase.png>
Package pdftex.def Info: usecase.png  used on input line 351.
(pdftex.def)             Requested size: 420.37106pt x 334.85144pt.
 [19 <./f11.jpg>]
<uc1.png, id=98, 416.30531pt x 352.31625pt>
File: uc1.png Graphic file (type png)
<use uc1.png>
Package pdftex.def Info: uc1.png  used on input line 356.
(pdftex.def)             Requested size: 333.0447pt x 281.85338pt.
 [20 <./usecase.png>]
<uc2.png, id=103, 412.54124pt x 352.31625pt>
File: uc2.png Graphic file (type png)
<use uc2.png>
Package pdftex.def Info: uc2.png  used on input line 360.
(pdftex.def)             Requested size: 330.03345pt x 281.85338pt.
<uc3.png, id=104, 411.03563pt x 395.97937pt>
File: uc3.png Graphic file (type png)
<use uc3.png>
Package pdftex.def Info: uc3.png  used on input line 364.
(pdftex.def)             Requested size: 328.82895pt x 316.78392pt.
 [21 <./uc1.png> <./uc2.png>]
<uc4.png, id=110, 448.67625pt x 386.19281pt>
File: uc4.png Graphic file (type png)
<use uc4.png>
Package pdftex.def Info: uc4.png  used on input line 368.
(pdftex.def)             Requested size: 314.07123pt x 270.33311pt.
<uc5.png, id=111, 449.42906pt x 365.86688pt>
File: uc5.png Graphic file (type png)
<use uc5.png>
Package pdftex.def Info: uc5.png  used on input line 372.
(pdftex.def)             Requested size: 346.06143pt x 281.71837pt.
 [22 <./uc3.png> <./uc4.png>]
<uc6.png, id=118, 457.71pt x 367.3725pt>
File: uc6.png Graphic file (type png)
<use uc6.png>
Package pdftex.def Info: uc6.png  used on input line 376.
(pdftex.def)             Requested size: 343.28166pt x 275.52869pt.
<uc7.png, id=119, 465.23813pt x 378.66469pt>
File: uc7.png Graphic file (type png)
<use uc7.png>
Package pdftex.def Info: uc7.png  used on input line 380.
(pdftex.def)             Requested size: 348.92773pt x 283.99782pt.
 [23 <./uc5.png> <./uc6.png>]
<tc1.png, id=125, 682.04813pt x 319.1925pt>
File: tc1.png Graphic file (type png)
<use tc1.png>
Package pdftex.def Info: tc1.png  used on input line 385.
(pdftex.def)             Requested size: 545.63925pt x 255.35434pt.

Overfull \hbox (75.88423pt too wide) in paragraph at lines 385--386
 [] 
 []

<tc2.png, id=126, 657.2053pt x 402.75468pt>
File: tc2.png Graphic file (type png)
<use tc2.png>
Package pdftex.def Info: tc2.png  used on input line 389.
(pdftex.def)             Requested size: 525.76495pt x 322.20418pt.

Overfull \hbox (56.00993pt too wide) in paragraph at lines 389--390
 [] 
 []

[24 <./uc7.png> <./tc1.png>]
<tc3.png, id=132, 657.2053pt x 40.65187pt>
File: tc3.png Graphic file (type png)
<use tc3.png>
Package pdftex.def Info: tc3.png  used on input line 393.
(pdftex.def)             Requested size: 525.76495pt x 32.52153pt.

Overfull \hbox (56.00993pt too wide) in paragraph at lines 393--394
 [] 
 []

<milestone.jpg, id=133, 578.16pt x 253.69781pt>
File: milestone.jpg Graphic file (type jpg)
<use milestone.jpg>
Package pdftex.def Info: milestone.jpg  used on input line 399.
(pdftex.def)             Requested size: 462.52863pt x 202.95851pt.
[25 <./tc2.png> <./tc3.png>]
<WBS.png, id=139, 782.925pt x 973.38657pt>
File: WBS.png Graphic file (type png)
<use WBS.png>
Package pdftex.def Info: WBS.png  used on input line 404.
(pdftex.def)             Requested size: 469.75862pt x 584.03645pt.
 [26 <./milestone.jpg>]
<nddtable.jpg, id=143, 476.53032pt x 389.95688pt>
File: nddtable.jpg Graphic file (type jpg)
<use nddtable.jpg>
Package pdftex.def Info: nddtable.jpg  used on input line 409.
(pdftex.def)             Requested size: 381.22478pt x 311.96591pt.
 [27 <./WBS.png>]
<ndd.jpg, id=147, 780.66656pt x 319.1925pt>
File: ndd.jpg Graphic file (type jpg)
<use ndd.jpg>
Package pdftex.def Info: ndd.jpg  used on input line 413.
(pdftex.def)             Requested size: 468.40355pt x 191.51697pt.
<gc1.png, id=148, 737.00343pt x 455.45157pt>
File: gc1.png Graphic file (type png)
<use gc1.png>
Package pdftex.def Info: gc1.png  used on input line 418.
(pdftex.def)             Requested size: 442.20547pt x 273.27304pt.
 [28 <./nddtable.jpg> <./ndd.jpg>]
<gc2.jpg, id=153, 705.38531pt x 353.06906pt>
File: gc2.jpg Graphic file (type jpg)
<use gc2.jpg>
Package pdftex.def Info: gc2.jpg  used on input line 422.
(pdftex.def)             Requested size: 423.23445pt x 211.84306pt.
<dfd.png, id=154, 636.12656pt x 386.94562pt>
File: dfd.png Graphic file (type png)
<use dfd.png>
Package pdftex.def Info: dfd.png  used on input line 428.
(pdftex.def)             Requested size: 508.90193pt x 309.55692pt.

Overfull \hbox (39.14691pt too wide) in paragraph at lines 428--429
 [] 
 []

[29 <./gc1.png> <./gc2.jpg>]
<ad.png, id=158, 691.83469pt x 720.44156pt>
File: ad.png Graphic file (type png)
<use ad.png>
Package pdftex.def Info: ad.png  used on input line 433.
(pdftex.def)             Requested size: 415.104pt x 432.26826pt.
 [30 <./dfd.png>]
<erd.png, id=163, 444.91219pt x 398.99063pt>
File: erd.png Graphic file (type png)
<use erd.png>
Package pdftex.def Info: erd.png  used on input line 439.
(pdftex.def)             Requested size: 444.91109pt x 398.98965pt.
 [31 <./ad.png>]
<dbd.jpg, id=167, 866.23625pt x 453.695pt>
File: dbd.jpg Graphic file (type jpg)
<use dbd.jpg>
Package pdftex.def Info: dbd.jpg  used on input line 445.
(pdftex.def)             Requested size: 519.74577pt x 272.2191pt.

Overfull \hbox (49.99075pt too wide) in paragraph at lines 445--446
 [] 
 []

[32 <./erd.png>]
<cd.png, id=172, 606.76688pt x 315.42844pt>
File: cd.png Graphic file (type png)
<use cd.png>
Package pdftex.def Info: cd.png  used on input line 450.
(pdftex.def)             Requested size: 424.73392pt x 220.79839pt.
 [33 <./dbd.jpg> <./cd.png>] (srs.bbl
LaTeX Font Info:    Try loading font information for OT1+pcr on input line 7.

("C:\Program Files\MiKTeX 2.9\tex/latex/psnfss\ot1pcr.fd"
File: ot1pcr.fd 2001/06/04 font definitions for OT1/pcr.
)
Underfull \hbox (badness 10000) in paragraph at lines 4--8
\OT1/pcr/m/n/10 european -[] gnss / galileo / galileo -[] european -[] global -
[] satellite -[] based -[] navigation -[]
 []

) [34] (srs.aux) ) 
Here is how much of TeX's memory you used:
 4899 strings out of 492895
 66050 string characters out of 3133476
 138706 words of memory out of 3000000
 8679 multiletter control sequences out of 15000+200000
 19868 words of font info for 42 fonts, out of 3000000 for 9000
 1141 hyphenation exceptions out of 8191
 41i,11n,43p,1582b,283s stack positions out of 5000i,500n,10000p,200000b,50000s
{C:/Program Files/MiKTeX 2.9/fonts/enc/dvips/base/8r.enc}<C:/
Program Files/MiKTeX 2.9/fonts/type1/public/amsfonts/cm/cmsy10.pfb><C:/Program 
Files/MiKTeX 2.9/fonts/type1/urw/courier/ucrr8a.pfb><C:/Program Files/MiKTeX 2.
9/fonts/type1/urw/times/utmb8a.pfb><C:/Program Files/MiKTeX 2.9/fonts/type1/urw
/times/utmr8a.pfb><C:/Program Files/MiKTeX 2.9/fonts/type1/urw/times/utmr8a.pfb
><C:/Program Files/MiKTeX 2.9/fonts/type1/urw/times/utmri8a.pfb>
Output written on srs.pdf (37 pages, 2371451 bytes).
PDF statistics:
 206 PDF objects out of 1000 (max. 8388607)
 0 named destinations out of 1000 (max. 500000)
 201 words of extra memory for PDF output out of 10000 (max. 10000000)

